<?xml version="1.0" encoding="UTF-8"?>
<!-- Generated by org.testng.reporters.JUnitReportReporter -->
<testsuite skipped="0" hostname="DESKTOP-RJP1CN8" name="RestAssuredpractice.RestAssuredpractice" tests="1" failures="0" timestamp="31 Mar 2020 02:45:03 GMT" time="2.305" errors="0">
  <testcase name="getweatherDetails" time="2.305" classname="RestAssuredpractice.RestAssuredpractice"/>
</testsuite> <!-- RestAssuredpractice.RestAssuredpractice -->
