<?xml version="1.0" encoding="UTF-8"?>
<!-- Generated by org.testng.reporters.JUnitReportReporter -->
<testsuite skipped="0" hostname="DESKTOP-RJP1CN8" name="RestAssuredpractice.Postrequestregisteration" tests="1" failures="0" timestamp="31 Mar 2020 02:59:50 GMT" time="3.021" errors="0">
  <testcase name="getstockDetails" time="3.021" classname="RestAssuredpractice.Postrequestregisteration"/>
</testsuite> <!-- RestAssuredpractice.Postrequestregisteration -->
